<?xml version="1.0" encoding="UTF-8"?>
<!-- Generated by org.testng.reporters.JUnitXMLReporter -->
<testsuite hostname="DESKTOP-REVKL7J" ignored="0" name="Test" tests="3" failures="0" timestamp="2019-10-10T10:36:27 IST" time="96.474" errors="0">
  <testcase name="Test01_BasicPurchaseFlow" time="7.02" classname="udemyEcommerceApp.ecommerce_HomePage"/>
  <testcase name="Test01_BasicPurchaseFlow" time="7.852" classname="udemyEcommerceApp.ecommerce_HomePage"/>
  <testcase name="Test02_VerifyToastMessage" time="7.634" classname="udemyEcommerceApp.ecommerce_HomePage"/>
</testsuite> <!-- Test -->
